<?xml version="1.0" encoding="UTF-8"?>
<!-- Generated by org.testng.reporters.JUnitReportReporter -->
<testsuite hostname="DESKTOP-BVNN85Q" failures="0" tests="3" name="com.TestNG.CrossBrowserTesting" time="19.505" errors="0" timestamp="2022-06-16T00:45:52 IST" skipped="0">
  <testcase classname="com.TestNG.CrossBrowserTesting" name="testParams" time="8.679"/>
  <system-out/>
  <testcase classname="com.TestNG.CrossBrowserTesting" name="testParams" time="5.643"/>
  <system-out/>
  <testcase classname="com.TestNG.CrossBrowserTesting" name="testParams" time="5.183"/>
  <system-out/>
</testsuite> <!-- com.TestNG.CrossBrowserTesting -->
