<?xml version="1.0" encoding="UTF-8"?>
<!-- Generated by org.testng.reporters.JUnitReportReporter -->
<testsuite hostname="DESKTOP-BVNN85Q" failures="0" tests="3" name="com.TestNG.ParameterDemo" time="37.968" errors="0" timestamp="2022-06-16T00:48:06 IST" skipped="0">
  <testcase classname="com.TestNG.ParameterDemo" name="getData" time="12.550"/>
  <system-out/>
  <testcase classname="com.TestNG.ParameterDemo" name="getData" time="12.286"/>
  <system-out/>
  <testcase classname="com.TestNG.ParameterDemo" name="getData" time="13.132"/>
  <system-out/>
</testsuite> <!-- com.TestNG.ParameterDemo -->
