<?xml version="1.0" encoding="UTF-8"?>
<!-- Generated by org.testng.reporters.JUnitReportReporter -->
<testsuite hostname="DESKTOP-BVNN85Q" failures="0" tests="2" name="com.TestNG.Annotations" time="0.004" errors="0" timestamp="2022-06-14T09:55:33 IST" skipped="0">
  <testcase classname="com.TestNG.Annotations" name="Test2" time="0.002"/>
  <system-out/>
  <testcase classname="com.TestNG.Annotations" name="Test1" time="0.002"/>
  <system-out/>
</testsuite> <!-- com.TestNG.Annotations -->
