<?xml version="1.0" encoding="UTF-8"?>
<!-- Generated by org.testng.reporters.JUnitReportReporter -->
<testsuite hostname="DESKTOP-BVNN85Q" failures="0" tests="1" name="com.TestNG.GroupsNetBanking" time="0.001" errors="0" timestamp="2022-06-16T00:37:07 IST" skipped="0">
  <testcase classname="com.TestNG.GroupsNetBanking" name="MobileLoginBanking" time="0.001"/>
  <system-out/>
</testsuite> <!-- com.TestNG.GroupsNetBanking -->
