<?xml version="1.0" encoding="UTF-8"?>
<!-- Generated by org.testng.reporters.JUnitReportReporter -->
<testsuite hostname="DESKTOP-BVNN85Q" failures="0" tests="2" name="com.TestNG.launchBrowser" time="23.569" errors="0" timestamp="2022-06-14T09:55:33 IST" skipped="0">
  <testcase classname="com.TestNG.launchBrowser" name="verifyhomePage" time="11.364"/>
  <system-out/>
  <testcase classname="com.TestNG.launchBrowser" name="verifyURL" time="12.205"/>
  <system-out/>
</testsuite> <!-- com.TestNG.launchBrowser -->
