<?xml version="1.0" encoding="UTF-8"?>
<!-- Generated by org.testng.reporters.JUnitReportReporter -->
<testsuite hostname="DESKTOP-BVNN85Q" failures="0" tests="2" name="com.TestNG.GroupsFacebookLogin" time="0.011" errors="0" timestamp="2022-06-16T00:37:07 IST" skipped="0">
  <testcase classname="com.TestNG.GroupsFacebookLogin" name="MobileLogin" time="0.010"/>
  <system-out/>
  <testcase classname="com.TestNG.GroupsFacebookLogin" name="WebLogin" time="0.001"/>
  <system-out/>
</testsuite> <!-- com.TestNG.GroupsFacebookLogin -->
