<?xml version="1.0" encoding="UTF-8"?>
<!-- Generated by org.testng.reporters.JUnitReportReporter -->
<testsuite hostname="DESKTOP-BVNN85Q" failures="0" tests="5" name="com.TestNG.PriorityDemo" time="0.007" errors="0" timestamp="2022-06-14T09:55:33 IST" skipped="0">
  <testcase classname="com.TestNG.PriorityDemo" name="c_method" time="0.004"/>
  <system-out/>
  <testcase classname="com.TestNG.PriorityDemo" name="e_method" time="0.001"/>
  <system-out/>
  <testcase classname="com.TestNG.PriorityDemo" name="d_method" time="0.001"/>
  <system-out/>
  <testcase classname="com.TestNG.PriorityDemo" name="b_method" time="0.001"/>
  <system-out/>
  <testcase classname="com.TestNG.PriorityDemo" name="a_method" time="0.000"/>
  <system-out/>
</testsuite> <!-- com.TestNG.PriorityDemo -->
